1706953696196:help
1706953719197:his
1706953724199:history
1706954070374:help
1706954077372:history
1706954094375:exit 1
1706974404856:help
1706974465879:addStudent --fn Иван --ln Иванов --age 18
1706974494873:a --fn Ivan --ln Ivanov --age 18
1706974498869:l
1706974725906:exit
1706975243899:a --fn Ivan --ln Ivanov --age 20
1706975245895:l
1706975551064:a --f Ivan --l Ivanov --a 24
1706975553057:l
1706975716090:a --f Евлампий --l Череззаборногузадерищев --a 45
1706975718084:l
1706980801854:a --и Иван --ф Иванов --в 45
1706980805842:l
1707032765723:д
1707032793731:д --и Ивано --ф Иванов --45
1707032795726:с
1707032820740:д --и Иван --ф Иванов --в 45
1707032823733:с
1707044118070:h
1707044122071:help
1707044127079:д
1707044150077:д --в 45 --ф Петров --и Сидор
1707044154075:с
1707046109081:help
1707046138088:д --и Иван --ф Иванов --в 21
1707046166085:с
1707046175086:у
1707047081850:д
1707047101855:д --в 21 --ф Иванов --и Хрен
1707047160808:д --и Ивано --ф Иванов --в 22
1707047227311:д --и иван --ф иванов --в 22
1707047250308:д
1707047273315:д --в 22 -и Иван --ф Иванов
1707047291316:д --и Ивано --в 25 --ф Иванов
1707047353997:д --и Ивано --ф иванов --в 22
1707047356990:с
1707047379995:stacktrace
1707048021843:д --и Иван --ф Иванов --в 22
1707048522348:д --в 11 --и Петр --ф Петрв
1707048759553:д --в 99 --и Фекл --ф Гровом
1707049512163:д --в 11 --и Ку --ф Жо
1707049581711:д --и Кл --в 22 --ф Кря
1707049606708:с
1707054088776:help
1707054106783:доб --и Иван --ф Иванов --в 22
1707054125788:доб --и фыва --ф фывааа --в 10
1707058783788:доб --и ВАс --ф ав --в 125
1707058798788:доб --и Вася --ф Петров --в 12
1707058805787:сп
1707058808788:с
1707058812790:вс
1707058841798:доб --и Иван --ф Сидоров --в 45
1707058844796:вс
1707058859799:уд --№ 0
1707058863800:вс
1707058868802:оч
1707058872803:вс
1707059228412:сп
1707059249668:доб --и Иван --ф Петров --в 22
1707059254348:сп
1707059271508:доб --и Петр --в 34 --ф Иванов
1707059273676:сп
1707059294157:уд --№ 1
1707059299100:сп
1707059301372:оч
1707059303613:сп
1707229359310:help
1707229365313:сп
1707229404317:доб --и Иван --ф Иванов --в 12
1707229416316:cg
1707229419316:сп
1707230974244:help
1707230999249:доб --и Иван --ф Иванов --в 25
1707231002244:сп
1707231012246:оч
1707231045251:сп
1707243342924:доб --и Иван --ф Иванов --в 22
1707243428932:доб --и Александр --Паниковский --в 55
1707243447936:доб --и Александр --ф Паниковский --в 60
1707243451933:сп
1707243688279:доб --и Иван --ф Иванов --в 23
1707243728272:доб --и Иннокентий --ф Смоктуновский --в 98
1707243748274:доб --и Лев --ф Николаевич --в 26
1707243751272:сп
1707243810284:доб --и Александр --ф Прокудин-Горский --в 15
1707243839289:доб --и Александр --ф Прокудин-Горский -в 15
1707243860290:доб --и Александр --ф Прокудин-горский --в 12
1707243909296:доб -- Александр --ф Прокудингорский --в 15
1707243946296:stacktrace
1707244457539:доб --и Александр --ф Прокудин-Горский --в 45
1707244535544:доб --и Ивано --ф Иванов --в 22
1707244541542:сп
1707244735570:доб --и Тимофей --ф Паниковский --34
1707244757575:доб --и Деонисий --ф Перебежчиков --в 45
1707244760569:сп
1707244824578:оч
1707244834579:сп
1707244931010:доб --и Леонтий --ф Прокуди-Горский --в 22
1707244949012:доб --и Петр --ф Петров --в 21
1707244967015:доб --и Валерий --ф Харласов --в17
1707244980016:доб --и Валерий --ф Харламов --в 17
1707244982012:сп
1707245058027:доб --и Тимофей --ф Прокудин-Горский --в 20
1707245060021:ср
1707245062022:сп
1707245077025:уд 0
1707245080025:сп
1707245101027:оч
1707245130035:доб --и Тимофей --Прокудин-Горский --в 21
1707245150037:доб --и Тимофйе --ф Прокудин-Горский --в 22
1707245152033:сп
1707246786139:доб --и Матвей --ф Владимирович --в 35
1707246806143:доб --и Александр --ф Прокудин-Горский --в 55
1707246810138:сп
1707246852147:доб --и Анастасий --ф Моисейченко --в 31
1707246854144:сп
1707246913153:доб --и Ия --ф Обст --в 19
1707247079178:доб --и Айя --ф Прокудина-Горская --в 50
1707247083174:сп
1707247110178:оч
1707247113179:сп
1707247136161:доб --и Ия --ф Обст --в 19
1707247140155:сп
1707247168163:доб --и Наталья --ф Возбужденцева --в 18
1707247170160:сп
1707247211170:доб --и Анастасия --ф Прокудика-Горская --в 42
1707247213166:сп
1707247325185:доб --и Иерея --ф Череззаборногузадерищева --в 59
1707247329180:сп
1707247404195:доб --и Гай --ф Юлий Цезарь --в 11
1707247428198:доб --и Гай --ф Юлий-Цезарь --в 99
1707247430194:сп
1707295996965:help
1707296001517:сп
1707296006853:список
1707296043997:добавить --и Иван --ф Соколов --в 22
1707296046053:сп
1707296073014:доб --и Ая --ф Задерищева --в 20
1707296074414:сп
1707296104758:доб --и Бен --ф Соло --в 31
1707296106350:сп
1707296137111:доб --и Анастасий --ф Прокудин-Горский --в 55
1707296138407:сп
1707296169448:уд 3
1707296187159:доб --и Пётр --ф Перевезенцев --в 19
1707296189335:сп
1707296671626:доб --и Ия --ф Обст --в 28
1707296673621:сп
1707296989632:доб --и Ия --ф Обст --в 11
1707296991627:сп
1707478275856:уд 1
1707478280856:сп
